<?xml version="1.0" encoding="UTF-8"?>
<coverage generated="1620533084">
  <project timestamp="1620533084">
    <file name="/Users/jproctor/Projects/jorge/src/Jorge.php">
      <class name="MountHolyoke\Jorge\Jorge" namespace="global">
        <metrics complexity="9" methods="6" coveredmethods="6" conditionals="0" coveredconditionals="0" statements="22" coveredstatements="22" elements="28" coveredelements="28"/>
      </class>
      <line num="46" type="method" name="__construct" visibility="public" complexity="1" crap="1" count="4"/>
      <line num="48" type="stmt" count="4"/>
      <line num="49" type="stmt" count="4"/>
      <line num="50" type="stmt" count="4"/>
      <line num="51" type="stmt" count="4"/>
      <line num="52" type="stmt" count="4"/>
      <line num="53" type="stmt" count="4"/>
      <line num="58" type="method" name="configure" visibility="public" complexity="1" crap="1" count="1"/>
      <line num="60" type="stmt" count="1"/>
      <line num="61" type="stmt" count="1"/>
      <line num="62" type="stmt" count="1"/>
      <line num="68" type="method" name="getOutput" visibility="public" complexity="1" crap="1" count="2"/>
      <line num="70" type="stmt" count="2"/>
      <line num="81" type="method" name="log" visibility="public" complexity="2" crap="2" count="1"/>
      <line num="83" type="stmt" count="1"/>
      <line num="84" type="stmt" count="1"/>
      <line num="86" type="stmt" count="1"/>
      <line num="94" type="method" name="run" visibility="public" complexity="3" crap="3" count="1"/>
      <line num="98" type="stmt" count="1"/>
      <line num="99" type="stmt" count="1"/>
      <line num="101" type="stmt" count="1"/>
      <line num="102" type="stmt" count="1"/>
      <line num="104" type="stmt" count="1"/>
      <line num="115" type="method" name="setOutput" visibility="public" complexity="1" crap="1" count="1"/>
      <line num="117" type="stmt" count="1"/>
      <line num="118" type="stmt" count="1"/>
      <line num="119" type="stmt" count="1"/>
      <line num="120" type="stmt" count="1"/>
      <metrics loc="121" ncloc="72" classes="1" methods="6" coveredmethods="6" conditionals="0" coveredconditionals="0" statements="22" coveredstatements="22" elements="28" coveredelements="28"/>
    </file>
    <metrics files="1" loc="121" ncloc="72" classes="1" methods="6" coveredmethods="6" conditionals="0" coveredconditionals="0" statements="22" coveredstatements="22" elements="28" coveredelements="28"/>
  </project>
</coverage>
