<?xml version="1.0" encoding="UTF-8"?>
<coverage generated="1620691416">
  <project timestamp="1620691416">
    <file name="/Users/jproctor/Projects/jorge/src/Command/HonkCommand.php">
      <class name="MountHolyoke\Jorge\Command\HonkCommand" namespace="global">
        <metrics complexity="2" methods="2" coveredmethods="2" conditionals="0" coveredconditionals="0" statements="6" coveredstatements="6" elements="8" coveredelements="8"/>
      </class>
      <line num="24" type="method" name="configure" visibility="protected" complexity="1" crap="1" count="16"/>
      <line num="27" type="stmt" count="16"/>
      <line num="28" type="stmt" count="16"/>
      <line num="29" type="stmt" count="16"/>
      <line num="31" type="stmt" count="16"/>
      <line num="42" type="method" name="execute" visibility="protected" complexity="1" crap="1" count="1"/>
      <line num="46" type="stmt" count="1"/>
      <line num="47" type="stmt" count="1"/>
      <metrics loc="49" ncloc="29" classes="1" methods="2" coveredmethods="2" conditionals="0" coveredconditionals="0" statements="6" coveredstatements="6" elements="8" coveredelements="8"/>
    </file>
    <file name="/Users/jproctor/Projects/jorge/src/Jorge.php">
      <class name="MountHolyoke\Jorge\Jorge" namespace="global">
        <metrics complexity="38" methods="11" coveredmethods="10" conditionals="0" coveredconditionals="0" statements="98" coveredstatements="94" elements="109" coveredelements="104"/>
      </class>
      <line num="48" type="method" name="__construct" visibility="public" complexity="1" crap="1" count="16"/>
      <line num="50" type="stmt" count="16"/>
      <line num="51" type="stmt" count="16"/>
      <line num="52" type="stmt" count="16"/>
      <line num="53" type="stmt" count="16"/>
      <line num="54" type="stmt" count="16"/>
      <line num="55" type="stmt" count="16"/>
      <line num="63" type="method" name="configure" visibility="public" complexity="5" crap="5" count="14"/>
      <line num="65" type="stmt" count="14"/>
      <line num="66" type="stmt" count="14"/>
      <line num="67" type="stmt" count="14"/>
      <line num="68" type="stmt" count="1"/>
      <line num="69" type="stmt" count="1"/>
      <line num="70" type="stmt" count="1"/>
      <line num="74" type="stmt" count="14"/>
      <line num="75" type="stmt" count="14"/>
      <line num="76" type="stmt" count="13"/>
      <line num="77" type="stmt" count="13"/>
      <line num="78" type="stmt" count="13"/>
      <line num="79" type="stmt" count="13"/>
      <line num="81" type="stmt" count="13"/>
      <line num="82" type="stmt" count="13"/>
      <line num="83" type="stmt" count="13"/>
      <line num="86" type="stmt" count="1"/>
      <line num="91" type="stmt" count="14"/>
      <line num="92" type="stmt" count="14"/>
      <line num="94" type="stmt" count="4"/>
      <line num="97" type="stmt" count="14"/>
      <line num="98" type="stmt" count="14"/>
      <line num="106" type="method" name="findRootPath" visibility="private" complexity="5" crap="5" count="14"/>
      <line num="108" type="stmt" count="14"/>
      <line num="109" type="stmt" count="14"/>
      <line num="110" type="stmt" count="14"/>
      <line num="111" type="stmt" count="14"/>
      <line num="112" type="stmt" count="13"/>
      <line num="114" type="stmt" count="2"/>
      <line num="116" type="stmt" count="1"/>
      <line num="125" type="method" name="getConfig" visibility="public" complexity="3" crap="3" count="9"/>
      <line num="127" type="stmt" count="9"/>
      <line num="128" type="stmt" count="3"/>
      <line num="130" type="stmt" count="7"/>
      <line num="131" type="stmt" count="6"/>
      <line num="133" type="stmt" count="3"/>
      <line num="139" type="method" name="getOutput" visibility="public" complexity="1" crap="1" count="13"/>
      <line num="141" type="stmt" count="13"/>
      <line num="156" type="method" name="getPath" visibility="public" complexity="7" crap="7" count="6"/>
      <line num="160" type="stmt" count="6"/>
      <line num="161" type="stmt" count="6"/>
      <line num="162" type="stmt" count="1"/>
      <line num="165" type="stmt" count="6"/>
      <line num="166" type="stmt" count="3"/>
      <line num="168" type="stmt" count="6"/>
      <line num="169" type="stmt" count="4"/>
      <line num="172" type="stmt" count="3"/>
      <line num="173" type="stmt" count="3"/>
      <line num="174" type="stmt" count="3"/>
      <line num="177" type="stmt" count="2"/>
      <line num="178" type="stmt" count="1"/>
      <line num="179" type="stmt" count="1"/>
      <line num="183" type="stmt" count="2"/>
      <line num="184" type="stmt" count="2"/>
      <line num="185" type="stmt" count="2"/>
      <line num="186" type="stmt" count="2"/>
      <line num="188" type="stmt" count="2"/>
      <line num="196" type="method" name="includeConfig" visibility="public" complexity="3" crap="3" count="4"/>
      <line num="198" type="stmt" count="4"/>
      <line num="199" type="stmt" count="2"/>
      <line num="201" type="stmt" count="4"/>
      <line num="202" type="stmt" count="4"/>
      <line num="203" type="stmt" count="4"/>
      <line num="204" type="stmt" count="4"/>
      <line num="205" type="stmt" count="4"/>
      <line num="206" type="stmt" count="4"/>
      <line num="208" type="stmt" count="4"/>
      <line num="209" type="stmt" count="4"/>
      <line num="211" type="stmt" count="4"/>
      <line num="222" type="method" name="loadConfigFile" visibility="public" complexity="8" crap="8.60" count="13"/>
      <line num="226" type="stmt" count="13"/>
      <line num="227" type="stmt" count="13"/>
      <line num="228" type="stmt" count="13"/>
      <line num="229" type="stmt" count="4"/>
      <line num="230" type="stmt" count="4"/>
      <line num="231" type="stmt" count="4"/>
      <line num="232" type="stmt" count="4"/>
      <line num="234" type="stmt" count="4"/>
      <line num="236" type="stmt" count="9"/>
      <line num="237" type="stmt" count="9"/>
      <line num="238" type="stmt" count="9"/>
      <line num="239" type="stmt" count="9"/>
      <line num="240" type="stmt" count="9"/>
      <line num="241" type="stmt" count="9"/>
      <line num="242" type="stmt" count="0"/>
      <line num="243" type="stmt" count="0"/>
      <line num="244" type="stmt" count="0"/>
      <line num="246" type="stmt" count="0"/>
      <line num="248" type="stmt" count="9"/>
      <line num="259" type="method" name="log" visibility="public" complexity="2" crap="2" count="14"/>
      <line num="261" type="stmt" count="14"/>
      <line num="262" type="stmt" count="14"/>
      <line num="264" type="stmt" count="14"/>
      <line num="272" type="method" name="run" visibility="public" complexity="1" crap="1" count="1"/>
      <line num="276" type="stmt" count="1"/>
      <line num="277" type="stmt" count="1"/>
      <line num="278" type="stmt" count="1"/>
      <line num="289" type="method" name="sanitizePath" visibility="protected" complexity="2" crap="2" count="13"/>
      <line num="291" type="stmt" count="13"/>
      <line num="294" type="stmt" count="13"/>
      <line num="295" type="stmt" count="13"/>
      <line num="297" type="stmt" count="13"/>
      <metrics loc="299" ncloc="209" classes="1" methods="11" coveredmethods="10" conditionals="0" coveredconditionals="0" statements="98" coveredstatements="94" elements="109" coveredelements="104"/>
    </file>
    <metrics files="2" loc="348" ncloc="238" classes="2" methods="13" coveredmethods="12" conditionals="0" coveredconditionals="0" statements="104" coveredstatements="100" elements="117" coveredelements="112"/>
  </project>
</coverage>
